<?xml version="1.0" encoding="UTF-8"?>
<!-- Generated by org.testng.reporters.JUnitReportReporter -->
<testsuite skipped="0" hostname="SCS-R37" name="TestNGConcept.TestNg2" tests="3" failures="0" timestamp="11 Mar 2019 05:56:00 GMT" time="0.000" errors="0">
  <testcase name="GoogleTitleTest1" time="0.000" classname="TestNGConcept.TestNg2"/>
  <testcase name="GoogleTitleTest2" time="0.000" classname="TestNGConcept.TestNg2"/>
  <testcase name="GoogleTitleTest3" time="0.000" classname="TestNGConcept.TestNg2"/>
</testsuite> <!-- TestNGConcept.TestNg2 -->
