<?xml version="1.0" encoding="UTF-8"?>
<!-- Generated by org.testng.reporters.JUnitReportReporter -->
<testsuite skipped="0" hostname="SCS-R37" name="TestNGConcept.GoogleTest" tests="1" failures="0" timestamp="01 Apr 2019 09:01:12 GMT" time="14.550" errors="0">
  <testcase name="GoogleTitleTest" time="14.550" classname="TestNGConcept.GoogleTest"/>
</testsuite> <!-- TestNGConcept.GoogleTest -->
